<?xml version="1.0" encoding="UTF-8"?>
<testng-results ignored="0" total="8" passed="7" failed="1" skipped="0">
  <reporter-output>
  </reporter-output>
  <suite started-at="2021-11-20T09:20:22Z" name="TestNGTest" finished-at="2021-11-20T09:22:15Z" duration-ms="112224">
    <groups>
    </groups>
    <test started-at="2021-11-20T09:20:22Z" name="Command line test" finished-at="2021-11-20T09:22:15Z" duration-ms="112224">
      <class name="TestNGTest">
        <test-method is-config="true" signature="setUp()[pri:0, instance:TestNGTest@d0353ed]" started-at="2021-11-20T14:50:22Z" name="setUp" finished-at="2021-11-20T14:50:28Z" duration-ms="5932" status="PASS">
          <reporter-output>
          </reporter-output>
        </test-method> <!-- setUp -->
        <test-method signature="verifyPageTitleTest()[pri:1, instance:TestNGTest@d0353ed]" started-at="2021-11-20T14:50:28Z" name="verifyPageTitleTest" finished-at="2021-11-20T14:50:28Z" duration-ms="5" status="PASS">
          <reporter-output>
          </reporter-output>
        </test-method> <!-- verifyPageTitleTest -->
        <test-method is-config="true" signature="tearDown()[pri:0, instance:TestNGTest@d0353ed]" started-at="2021-11-20T14:50:28Z" name="tearDown" finished-at="2021-11-20T14:50:29Z" duration-ms="795" status="PASS">
          <reporter-output>
          </reporter-output>
        </test-method> <!-- tearDown -->
        <test-method is-config="true" signature="setUp()[pri:0, instance:TestNGTest@d0353ed]" started-at="2021-11-20T14:50:29Z" name="setUp" finished-at="2021-11-20T14:50:34Z" duration-ms="5235" status="PASS">
          <reporter-output>
          </reporter-output>
        </test-method> <!-- setUp -->
        <test-method signature="SearchScriptTest()[pri:2, instance:TestNGTest@d0353ed]" started-at="2021-11-20T14:50:34Z" name="SearchScriptTest" finished-at="2021-11-20T14:50:44Z" duration-ms="10135" status="PASS">
          <reporter-output>
          </reporter-output>
        </test-method> <!-- SearchScriptTest -->
        <test-method is-config="true" signature="tearDown()[pri:0, instance:TestNGTest@d0353ed]" started-at="2021-11-20T14:50:44Z" name="tearDown" finished-at="2021-11-20T14:50:45Z" duration-ms="818" status="PASS">
          <reporter-output>
          </reporter-output>
        </test-method> <!-- tearDown -->
        <test-method is-config="true" signature="setUp()[pri:0, instance:TestNGTest@d0353ed]" started-at="2021-11-20T14:50:45Z" name="setUp" finished-at="2021-11-20T14:50:51Z" duration-ms="5753" status="PASS">
          <reporter-output>
          </reporter-output>
        </test-method> <!-- setUp -->
        <test-method signature="BookTableScriptTest()[pri:3, instance:TestNGTest@d0353ed]" started-at="2021-11-20T14:50:51Z" name="BookTableScriptTest" finished-at="2021-11-20T14:51:02Z" duration-ms="11192" status="FAIL">
          <exception class="org.openqa.selenium.NoSuchElementException">
            <message>
              <![CDATA[Cannot locate an element using xpath=//button[contains(text(),'Continue to book a table')]
For documentation on this error, please visit: https://www.seleniumhq.org/exceptions/no_such_element.html
Build info: version: '3.141.59', revision: 'e82be7d358', time: '2018-11-14T08:17:03'
System info: host: 'MT-302B2B3', ip: '192.168.0.102', os.name: 'Windows 10', os.arch: 'amd64', os.version: '10.0', java.version: '11.0.11'
Driver info: driver.version: RemoteWebDriver]]>
            </message>
            <full-stacktrace>
              <![CDATA[org.openqa.selenium.NoSuchElementException: Cannot locate an element using xpath=//button[contains(text(),'Continue to book a table')]
For documentation on this error, please visit: https://www.seleniumhq.org/exceptions/no_such_element.html
Build info: version: '3.141.59', revision: 'e82be7d358', time: '2018-11-14T08:17:03'
System info: host: 'MT-302B2B3', ip: '192.168.0.102', os.name: 'Windows 10', os.arch: 'amd64', os.version: '10.0', java.version: '11.0.11'
Driver info: driver.version: RemoteWebDriver
	at org.openqa.selenium.remote.RemoteWebDriver.findElement(RemoteWebDriver.java:327)
	at org.openqa.selenium.remote.RemoteWebDriver.findElementByXPath(RemoteWebDriver.java:428)
	at org.openqa.selenium.By$ByXPath.findElement(By.java:353)
	at org.openqa.selenium.remote.RemoteWebDriver.findElement(RemoteWebDriver.java:315)
	at TestNGTest.BookTableScriptTest(TestNGTest.java:105)
	at java.base/jdk.internal.reflect.NativeMethodAccessorImpl.invoke0(Native Method)
	at java.base/jdk.internal.reflect.NativeMethodAccessorImpl.invoke(NativeMethodAccessorImpl.java:62)
	at java.base/jdk.internal.reflect.DelegatingMethodAccessorImpl.invoke(DelegatingMethodAccessorImpl.java:43)
	at java.base/java.lang.reflect.Method.invoke(Method.java:566)
	at org.testng.internal.MethodInvocationHelper.invokeMethod(MethodInvocationHelper.java:104)
	at org.testng.internal.Invoker.invokeMethod(Invoker.java:645)
	at org.testng.internal.Invoker.invokeTestMethod(Invoker.java:851)
	at org.testng.internal.Invoker.invokeTestMethods(Invoker.java:1177)
	at org.testng.internal.TestMethodWorker.invokeTestMethods(TestMethodWorker.java:129)
	at org.testng.internal.TestMethodWorker.run(TestMethodWorker.java:112)
	at org.testng.TestRunner.privateRun(TestRunner.java:756)
	at org.testng.TestRunner.run(TestRunner.java:610)
	at org.testng.SuiteRunner.runTest(SuiteRunner.java:387)
	at org.testng.SuiteRunner.runSequentially(SuiteRunner.java:382)
	at org.testng.SuiteRunner.privateRun(SuiteRunner.java:340)
	at org.testng.SuiteRunner.run(SuiteRunner.java:289)
	at org.testng.SuiteRunnerWorker.runSuite(SuiteRunnerWorker.java:52)
	at org.testng.SuiteRunnerWorker.run(SuiteRunnerWorker.java:86)
	at org.testng.TestNG.runSuitesSequentially(TestNG.java:1293)
	at org.testng.TestNG.runSuitesLocally(TestNG.java:1218)
	at org.testng.TestNG.runSuites(TestNG.java:1133)
	at org.testng.TestNG.run(TestNG.java:1104)
	at org.apache.maven.surefire.testng.TestNGExecutor.run(TestNGExecutor.java:77)
	at org.apache.maven.surefire.testng.TestNGDirectoryTestSuite.execute(TestNGDirectoryTestSuite.java:110)
	at org.apache.maven.surefire.testng.TestNGProvider.invoke(TestNGProvider.java:106)
	at java.base/jdk.internal.reflect.NativeMethodAccessorImpl.invoke0(Native Method)
	at java.base/jdk.internal.reflect.NativeMethodAccessorImpl.invoke(NativeMethodAccessorImpl.java:62)
	at java.base/jdk.internal.reflect.DelegatingMethodAccessorImpl.invoke(DelegatingMethodAccessorImpl.java:43)
	at java.base/java.lang.reflect.Method.invoke(Method.java:566)
	at org.apache.maven.surefire.util.ReflectionUtils.invokeMethodWithArray(ReflectionUtils.java:189)
	at org.apache.maven.surefire.booter.ProviderFactory$ProviderProxy.invoke(ProviderFactory.java:165)
	at org.apache.maven.surefire.booter.ProviderFactory.invokeProvider(ProviderFactory.java:85)
	at org.apache.maven.surefire.booter.ForkedBooter.runSuitesInProcess(ForkedBooter.java:115)
	at org.apache.maven.surefire.booter.ForkedBooter.main(ForkedBooter.java:75)
]]>
            </full-stacktrace>
          </exception> <!-- org.openqa.selenium.NoSuchElementException -->
          <reporter-output>
          </reporter-output>
        </test-method> <!-- BookTableScriptTest -->
        <test-method is-config="true" signature="tearDown()[pri:0, instance:TestNGTest@d0353ed]" started-at="2021-11-20T14:51:02Z" name="tearDown" finished-at="2021-11-20T14:51:03Z" duration-ms="834" status="PASS">
          <reporter-output>
          </reporter-output>
        </test-method> <!-- tearDown -->
        <test-method is-config="true" signature="setUp()[pri:0, instance:TestNGTest@d0353ed]" started-at="2021-11-20T14:51:03Z" name="setUp" finished-at="2021-11-20T14:51:09Z" duration-ms="6120" status="PASS">
          <reporter-output>
          </reporter-output>
        </test-method> <!-- setUp -->
        <test-method signature="HelpScriptTest()[pri:4, instance:TestNGTest@d0353ed]" started-at="2021-11-20T14:51:09Z" name="HelpScriptTest" finished-at="2021-11-20T14:51:11Z" duration-ms="1563" status="PASS">
          <reporter-output>
          </reporter-output>
        </test-method> <!-- HelpScriptTest -->
        <test-method is-config="true" signature="tearDown()[pri:0, instance:TestNGTest@d0353ed]" started-at="2021-11-20T14:51:11Z" name="tearDown" finished-at="2021-11-20T14:51:12Z" duration-ms="775" status="PASS">
          <reporter-output>
          </reporter-output>
        </test-method> <!-- tearDown -->
        <test-method is-config="true" signature="setUp()[pri:0, instance:TestNGTest@d0353ed]" started-at="2021-11-20T14:51:12Z" name="setUp" finished-at="2021-11-20T14:51:17Z" duration-ms="5340" status="PASS">
          <reporter-output>
          </reporter-output>
        </test-method> <!-- setUp -->
        <test-method signature="FoodTrendsScriptTest()[pri:6, instance:TestNGTest@d0353ed]" started-at="2021-11-20T14:51:17Z" name="FoodTrendsScriptTest" finished-at="2021-11-20T14:51:27Z" duration-ms="9653" status="PASS">
          <reporter-output>
          </reporter-output>
        </test-method> <!-- FoodTrendsScriptTest -->
        <test-method is-config="true" signature="tearDown()[pri:0, instance:TestNGTest@d0353ed]" started-at="2021-11-20T14:51:27Z" name="tearDown" finished-at="2021-11-20T14:51:27Z" duration-ms="825" status="PASS">
          <reporter-output>
          </reporter-output>
        </test-method> <!-- tearDown -->
        <test-method is-config="true" signature="setUp()[pri:0, instance:TestNGTest@d0353ed]" started-at="2021-11-20T14:51:27Z" name="setUp" finished-at="2021-11-20T14:51:33Z" duration-ms="5766" status="PASS">
          <reporter-output>
          </reporter-output>
        </test-method> <!-- setUp -->
        <test-method signature="NewlyAddedRestaurantsScriptTest()[pri:7, instance:TestNGTest@d0353ed]" started-at="2021-11-20T14:51:33Z" name="NewlyAddedRestaurantsScriptTest" finished-at="2021-11-20T14:51:43Z" duration-ms="9413" status="PASS">
          <reporter-output>
          </reporter-output>
        </test-method> <!-- NewlyAddedRestaurantsScriptTest -->
        <test-method is-config="true" signature="tearDown()[pri:0, instance:TestNGTest@d0353ed]" started-at="2021-11-20T14:51:43Z" name="tearDown" finished-at="2021-11-20T14:51:43Z" duration-ms="838" status="PASS">
          <reporter-output>
          </reporter-output>
        </test-method> <!-- tearDown -->
        <test-method is-config="true" signature="setUp()[pri:0, instance:TestNGTest@d0353ed]" started-at="2021-11-20T14:51:43Z" name="setUp" finished-at="2021-11-20T14:51:49Z" duration-ms="5562" status="PASS">
          <reporter-output>
          </reporter-output>
        </test-method> <!-- setUp -->
        <test-method signature="PopularCausinesScriptTest()[pri:8, instance:TestNGTest@d0353ed]" started-at="2021-11-20T14:51:49Z" name="PopularCausinesScriptTest" finished-at="2021-11-20T14:51:58Z" duration-ms="8904" status="PASS">
          <reporter-output>
          </reporter-output>
        </test-method> <!-- PopularCausinesScriptTest -->
        <test-method is-config="true" signature="tearDown()[pri:0, instance:TestNGTest@d0353ed]" started-at="2021-11-20T14:51:58Z" name="tearDown" finished-at="2021-11-20T14:51:59Z" duration-ms="1130" status="PASS">
          <reporter-output>
          </reporter-output>
        </test-method> <!-- tearDown -->
        <test-method is-config="true" signature="setUp()[pri:0, instance:TestNGTest@d0353ed]" started-at="2021-11-20T14:51:59Z" name="setUp" finished-at="2021-11-20T14:52:04Z" duration-ms="5314" status="PASS">
          <reporter-output>
          </reporter-output>
        </test-method> <!-- setUp -->
        <test-method signature="PopularTakewaysScriptTest()[pri:9, instance:TestNGTest@d0353ed]" started-at="2021-11-20T14:52:04Z" name="PopularTakewaysScriptTest" finished-at="2021-11-20T14:52:14Z" duration-ms="9497" status="PASS">
          <reporter-output>
          </reporter-output>
        </test-method> <!-- PopularTakewaysScriptTest -->
        <test-method is-config="true" signature="tearDown()[pri:0, instance:TestNGTest@d0353ed]" started-at="2021-11-20T14:52:14Z" name="tearDown" finished-at="2021-11-20T14:52:15Z" duration-ms="796" status="PASS">
          <reporter-output>
          </reporter-output>
        </test-method> <!-- tearDown -->
      </class> <!-- TestNGTest -->
    </test> <!-- Command line test -->
  </suite> <!-- TestNGTest -->
</testng-results>
