<?xml version="1.0" encoding="UTF-8" ?>
<testsuite tests="8" failures="1" name="TestNGTest" time="60.372" errors="0" skipped="0">
  <properties>
[...]
</properties>
  <testcase classname="TestNGTest" name="verifyPageTitleTest" time="0.005"/>
  <testcase classname="TestNGTest" name="SearchScriptTest" time="10.135"/>
  <testcase classname="TestNGTest" name="BookTableScriptTest" time="11.205">
    <failure message="Cannot locate an element using xpath=//button[contains(text(),&apos;Continue to book a table&apos;)]
For documentation on this error, please visit: https://www.seleniumhq.org/exceptions/no_such_element.html
Build info: version: &apos;3.141.59&apos;, revision: &apos;e82be7d358&apos;, time: &apos;2018-11-14T08:17:03&apos;
System info: host: &apos;MT-302B2B3&apos;, ip: &apos;192.168.0.102&apos;, os.name: &apos;Windows 10&apos;, os.arch: &apos;amd64&apos;, os.version: &apos;10.0&apos;, java.version: &apos;11.0.11&apos;
Driver info: driver.version: RemoteWebDriver" type="org.openqa.selenium.NoSuchElementException">org.openqa.selenium.NoSuchElementException: Cannot locate an element using xpath=//button[contains(text(),&apos;Continue to book a table&apos;)]
For documentation on this error, please visit: https://www.seleniumhq.org/exceptions/no_such_element.html
Build info: version: &apos;3.141.59&apos;, revision: &apos;e82be7d358&apos;, time: &apos;2018-11-14T08:17:03&apos;
System info: host: &apos;MT-302B2B3&apos;, ip: &apos;192.168.0.102&apos;, os.name: &apos;Windows 10&apos;, os.arch: &apos;amd64&apos;, os.version: &apos;10.0&apos;, java.version: &apos;11.0.11&apos;
Driver info: driver.version: RemoteWebDriver
	at org.openqa.selenium.remote.RemoteWebDriver.findElement(RemoteWebDriver.java:327)
	at org.openqa.selenium.remote.RemoteWebDriver.findElementByXPath(RemoteWebDriver.java:428)
	at org.openqa.selenium.By$ByXPath.findElement(By.java:353)
	at org.openqa.selenium.remote.RemoteWebDriver.findElement(RemoteWebDriver.java:315)
	at TestNGTest.BookTableScriptTest(TestNGTest.java:105)
</failure>
    <system-err>Starting ChromeDriver 96.0.4664.45 (76e4c1bb2ab4671b8beba3444e61c0f17584b2fc-refs/branch-heads/4664@{#947}) on port 4328
Only local connections are allowed.
Please see https://chromedriver.chromium.org/security-considerations for suggestions on keeping ChromeDriver safe.
ChromeDriver was started successfully.
Nov 20, 2021 2:50:47 PM org.openqa.selenium.remote.ProtocolHandshake createSession
INFO: Detected dialect: W3C
</system-err>
  </testcase>
  <testcase classname="TestNGTest" name="HelpScriptTest" time="1.562"/>
  <testcase classname="TestNGTest" name="FoodTrendsScriptTest" time="9.653"/>
  <testcase classname="TestNGTest" name="NewlyAddedRestaurantsScriptTest" time="9.413"/>
  <testcase classname="TestNGTest" name="PopularCausinesScriptTest" time="8.903"/>
  <testcase classname="TestNGTest" name="PopularTakewaysScriptTest" time="9.496"/>
</testsuite>